<?xml version="1.0" encoding="UTF-8"?>
<testsuite xmlns:xsi="http://www.w3.org/2001/XMLSchema-instance" xsi:noNamespaceSchemaLocation="https://maven.apache.org/surefire/maven-surefire-plugin/xsd/surefire-test-report-3.0.xsd" version="3.0" name="TestSuite" time="11.009" tests="6" errors="0" skipped="0" failures="0">
  <properties>
[...]
</properties>
  <testcase name="runScenario[&quot;To Verify that user can able to login using valid credantials.&quot;, &quot;Login Functionality.&quot;](2)" classname="test.testRunner" time="9.753">
    <system-out><![CDATA[
Scenario Outline: To Verify that user can able to login using valid credantials. # src/test/resources/features/Login.feature:12

Scenario Outline: To Verify that user can able to login using valid credantials. # src/test/resources/features/Login.feature:12

Scenario: To Verify that the user can not be able to sign in using invalid credantials # src/test/resources/features/Login.feature:14

Scenario: To Verify that the user can not be able to sign in using invalid credantials # src/test/resources/features/Login.feature:14

Scenario Outline: To Verify that user can able to login using valid credantials. # src/test/resources/features/Login.feature:11

Scenario Outline: To Verify that user can able to login using valid credantials. # src/test/resources/features/Login.feature:11
  Given The user lanched the URL                                                 # test.LoginStepDef.the_user_lanched_the_url()
  Given The user lanched the URL                                                       # test.LoginStepDef.the_user_lanched_the_url()
  Given The user lanched the URL                                                       # test.LoginStepDef.the_user_lanched_the_url()
  Given The user lanched the URL                                                 # test.LoginStepDef.the_user_lanched_the_url()
  Given The user lanched the URL                                                 # test.LoginStepDef.the_user_lanched_the_url()
  Given The user lanched the URL                                                 # test.LoginStepDef.the_user_lanched_the_url()
  When The user entered invalid user name                                              # test.LoginStepDef.the_user_entered_invalid_user_name()
  When The user entered valid "problem_user"                                     # test.LoginStepDef.the_user_entered_valid(java.lang.String)
  When The user entered valid "standard_user"                                    # test.LoginStepDef.the_user_entered_valid(java.lang.String)
  And the user entered valid "secret_sauce"                                      # test.LoginStepDef.the_user_entered(java.lang.String)
  When The user entered valid "problem_user"                                     # test.LoginStepDef.the_user_entered_valid(java.lang.String)
  And the user entered valid "secret_sauce"                                      # test.LoginStepDef.the_user_entered(java.lang.String)
  And the user entered invalid password                                                # test.LoginStepDef.the_user_entered_invalid_password()
  When The user entered invalid user name                                              # test.LoginStepDef.the_user_entered_invalid_user_name()
  When The user entered valid "standard_user"                                    # test.LoginStepDef.the_user_entered_valid(java.lang.String)
  And the user entered valid "secret_sauce"                                      # test.LoginStepDef.the_user_entered(java.lang.String)
  And the user taped login button                                                      # test.LoginStepDef.the_user_taped_login_button()
  Then the user should see the inline error message                                    # test.LoginStepDef.the_user_should_see_the_inline_error_message()
  And the user taped login button                                                # test.LoginStepDef.the_user_taped_login_button()
  And the user entered invalid password                                                # test.LoginStepDef.the_user_entered_invalid_password()
User Successfully logged in and landed on Home page..!
  Then the user should be logged successfull and navigate to home page           # test.LoginStepDef.the_user_should_be_logged_successfull_and_navigate_to_home_page()
  And the user entered valid "secret_sauce"                                      # test.LoginStepDef.the_user_entered(java.lang.String)
  And the user taped login button                                                # test.LoginStepDef.the_user_taped_login_button()
  And the user taped login button                                                # test.LoginStepDef.the_user_taped_login_button()
User Successfully logged in and landed on Home page..!
  Then the user should be logged successfull and navigate to home page           # test.LoginStepDef.the_user_should_be_logged_successfull_and_navigate_to_home_page()
User Successfully logged in and landed on Home page..!
  Then the user should be logged successfull and navigate to home page           # test.LoginStepDef.the_user_should_be_logged_successfull_and_navigate_to_home_page()
  And the user taped login button                                                      # test.LoginStepDef.the_user_taped_login_button()
  Then the user should see the inline error message                                    # test.LoginStepDef.the_user_should_see_the_inline_error_message()
  And the user taped login button                                                # test.LoginStepDef.the_user_taped_login_button()
User Successfully logged in and landed on Home page..!
  Then the user should be logged successfull and navigate to home page           # test.LoginStepDef.the_user_should_be_logged_successfull_and_navigate_to_home_page()
]]></system-out>
    <system-err><![CDATA[SLF4J: Failed to load class "org.slf4j.impl.StaticLoggerBinder".
SLF4J: Defaulting to no-operation (NOP) logger implementation
SLF4J: See http://www.slf4j.org/codes.html#StaticLoggerBinder for further details.
Aug 03, 2025 4:28:25 PM org.openqa.selenium.manager.SeleniumManager lambda$runCommand$1
WARNING: There was an error managing msedgedriver (error sending request for url (https://msedgedriver.azureedge.net/LATEST_RELEASE_138_WINDOWS)); using driver found in the cache
Aug 03, 2025 4:28:25 PM org.openqa.selenium.manager.SeleniumManager lambda$runCommand$1
WARNING: There was an error managing msedgedriver (error sending request for url (https://msedgedriver.azureedge.net/LATEST_RELEASE_138_WINDOWS)); using driver found in the cache
Aug 03, 2025 4:28:25 PM org.openqa.selenium.manager.SeleniumManager lambda$runCommand$1
WARNING: There was an error managing msedgedriver (error sending request for url (https://msedgedriver.azureedge.net/LATEST_RELEASE_138_WINDOWS)); using driver found in the cache
Aug 03, 2025 4:28:25 PM org.openqa.selenium.manager.SeleniumManager lambda$runCommand$1
WARNING: There was an error managing msedgedriver (error sending request for url (https://msedgedriver.azureedge.net/LATEST_RELEASE_138_WINDOWS)); using driver found in the cache
Aug 03, 2025 4:28:25 PM org.openqa.selenium.manager.SeleniumManager lambda$runCommand$1
WARNING: There was an error managing msedgedriver (error sending request for url (https://msedgedriver.azureedge.net/LATEST_RELEASE_138_WINDOWS)); using driver found in the cache
Aug 03, 2025 4:28:25 PM org.openqa.selenium.manager.SeleniumManager lambda$runCommand$1
WARNING: There was an error managing msedgedriver (error sending request for url (https://msedgedriver.azureedge.net/LATEST_RELEASE_138_WINDOWS)); using driver found in the cache
Aug 03, 2025 4:28:29 PM org.openqa.selenium.devtools.CdpVersionFinder findNearestMatch
WARNING: Unable to find CDP implementation matching 138
Aug 03, 2025 4:28:29 PM org.openqa.selenium.devtools.CdpVersionFinder findNearestMatch
WARNING: Unable to find CDP implementation matching 138
Aug 03, 2025 4:28:29 PM org.openqa.selenium.chromium.ChromiumDriver lambda$new$5
WARNING: Unable to find version of CDP to use for 138.0.3351.121. You may need to include a dependency on a specific version of the CDP using something similar to `org.seleniumhq.selenium:selenium-devtools-v86:4.27.0` where the version ("v86") matches the version of the chromium-based browser you're using and the version number of the artifact is the same as Selenium's.
Aug 03, 2025 4:28:29 PM org.openqa.selenium.chromium.ChromiumDriver lambda$new$5
WARNING: Unable to find version of CDP to use for 138.0.3351.121. You may need to include a dependency on a specific version of the CDP using something similar to `org.seleniumhq.selenium:selenium-devtools-v86:4.27.0` where the version ("v86") matches the version of the chromium-based browser you're using and the version number of the artifact is the same as Selenium's.
Aug 03, 2025 4:28:29 PM org.openqa.selenium.devtools.CdpVersionFinder findNearestMatch
WARNING: Unable to find CDP implementation matching 138
Aug 03, 2025 4:28:29 PM org.openqa.selenium.chromium.ChromiumDriver lambda$new$5
WARNING: Unable to find version of CDP to use for 138.0.3351.121. You may need to include a dependency on a specific version of the CDP using something similar to `org.seleniumhq.selenium:selenium-devtools-v86:4.27.0` where the version ("v86") matches the version of the chromium-based browser you're using and the version number of the artifact is the same as Selenium's.
Aug 03, 2025 4:28:29 PM org.openqa.selenium.devtools.CdpVersionFinder findNearestMatch
WARNING: Unable to find CDP implementation matching 138
Aug 03, 2025 4:28:29 PM org.openqa.selenium.chromium.ChromiumDriver lambda$new$5
WARNING: Unable to find version of CDP to use for 138.0.3351.121. You may need to include a dependency on a specific version of the CDP using something similar to `org.seleniumhq.selenium:selenium-devtools-v86:4.27.0` where the version ("v86") matches the version of the chromium-based browser you're using and the version number of the artifact is the same as Selenium's.
Aug 03, 2025 4:28:29 PM org.openqa.selenium.devtools.CdpVersionFinder findNearestMatch
WARNING: Unable to find CDP implementation matching 138
Aug 03, 2025 4:28:29 PM org.openqa.selenium.chromium.ChromiumDriver lambda$new$5
WARNING: Unable to find version of CDP to use for 138.0.3351.121. You may need to include a dependency on a specific version of the CDP using something similar to `org.seleniumhq.selenium:selenium-devtools-v86:4.27.0` where the version ("v86") matches the version of the chromium-based browser you're using and the version number of the artifact is the same as Selenium's.
Aug 03, 2025 4:28:29 PM org.openqa.selenium.devtools.CdpVersionFinder findNearestMatch
WARNING: Unable to find CDP implementation matching 138
Aug 03, 2025 4:28:29 PM org.openqa.selenium.chromium.ChromiumDriver lambda$new$5
WARNING: Unable to find version of CDP to use for 138.0.3351.121. You may need to include a dependency on a specific version of the CDP using something similar to `org.seleniumhq.selenium:selenium-devtools-v86:4.27.0` where the version ("v86") matches the version of the chromium-based browser you're using and the version number of the artifact is the same as Selenium's.
]]></system-err>
  </testcase>
  <testcase name="runScenario[&quot;To Verify that the user can not be able to sign in using invalid credantials&quot;, &quot;Login Functionality.&quot;](2)" classname="test.testRunner" time="9.755"/>
  <testcase name="runScenario[&quot;To Verify that the user can not be able to sign in using invalid credantials&quot;, &quot;Login Functionality.&quot;](2)" classname="test.testRunner" time="9.859"/>
  <testcase name="runScenario[&quot;To Verify that user can able to login using valid credantials.&quot;, &quot;Login Functionality.&quot;](1)" classname="test.testRunner" time="9.755"/>
  <testcase name="runScenario[&quot;To Verify that user can able to login using valid credantials.&quot;, &quot;Login Functionality.&quot;](3)" classname="test.testRunner" time="9.921"/>
  <testcase name="runScenario[&quot;To Verify that user can able to login using valid credantials.&quot;, &quot;Login Functionality.&quot;](3)" classname="test.testRunner" time="9.983"/>
</testsuite>