<?xml version="1.0" encoding="UTF-8"?>
<testng-results ignored="0" total="6" passed="6" failed="0" skipped="0">
  <reporter-output>
  </reporter-output>
  <suite started-at="2025-08-03T16:28:24 IST" name="Suite" finished-at="2025-08-03T16:28:35 IST" duration-ms="10515">
    <groups>
      <group name="cucumber">
        <method signature="AbstractTestNGCucumberTests.runScenario(io.cucumber.testng.PickleWrapper,io.cucumber.testng.FeatureWrapper)[pri:0, instance:test.testRunner@1bd4fdd]" name="runScenario" class="io.cucumber.testng.AbstractTestNGCucumberTests"/>
        <method signature="AbstractTestNGCucumberTests.runScenario(io.cucumber.testng.PickleWrapper,io.cucumber.testng.FeatureWrapper)[pri:0, instance:test.testRunner@2b71e916]" name="runScenario" class="io.cucumber.testng.AbstractTestNGCucumberTests"/>
      </group> <!-- cucumber -->
    </groups>
    <test started-at="2025-08-03T16:28:24 IST" name="Test1" finished-at="2025-08-03T16:28:34 IST" duration-ms="10471">
      <class name="test.testRunner">
        <test-method is-config="true" signature="setUpClass(org.testng.ITestContext)[pri:0, instance:test.testRunner@2b71e916]" started-at="2025-08-03T16:28:24 IST" name="setUpClass" finished-at="2025-08-03T16:28:24 IST" duration-ms="479" status="PASS">
          <params>
            <param index="0">
              <value>
                <![CDATA[org.testng.TestRunner@bccb269]]>
              </value>
            </param>
          </params>
          <reporter-output>
          </reporter-output>
        </test-method> <!-- setUpClass -->
        <test-method signature="runScenario(io.cucumber.testng.PickleWrapper,io.cucumber.testng.FeatureWrapper)[pri:0, instance:test.testRunner@2b71e916]" started-at="2025-08-03T16:28:25 IST" name="runScenario" description="Runs Cucumber Scenarios" data-provider="scenarios" finished-at="2025-08-03T16:28:34 IST" duration-ms="9750" status="PASS">
          <params>
            <param index="0">
              <value>
                <![CDATA["To Verify that user can able to login using valid credantials."]]>
              </value>
            </param>
            <param index="1">
              <value>
                <![CDATA["Login Functionality."]]>
              </value>
            </param>
          </params>
          <reporter-output>
          </reporter-output>
        </test-method> <!-- runScenario -->
        <test-method signature="runScenario(io.cucumber.testng.PickleWrapper,io.cucumber.testng.FeatureWrapper)[pri:0, instance:test.testRunner@2b71e916]" started-at="2025-08-03T16:28:25 IST" name="runScenario" description="Runs Cucumber Scenarios" data-provider="scenarios" finished-at="2025-08-03T16:28:34 IST" duration-ms="9861" status="PASS">
          <params>
            <param index="0">
              <value>
                <![CDATA["To Verify that the user can not be able to sign in using invalid credantials"]]>
              </value>
            </param>
            <param index="1">
              <value>
                <![CDATA["Login Functionality."]]>
              </value>
            </param>
          </params>
          <reporter-output>
          </reporter-output>
        </test-method> <!-- runScenario -->
        <test-method signature="runScenario(io.cucumber.testng.PickleWrapper,io.cucumber.testng.FeatureWrapper)[pri:0, instance:test.testRunner@2b71e916]" started-at="2025-08-03T16:28:25 IST" name="runScenario" description="Runs Cucumber Scenarios" data-provider="scenarios" finished-at="2025-08-03T16:28:34 IST" duration-ms="9923" status="PASS">
          <params>
            <param index="0">
              <value>
                <![CDATA["To Verify that user can able to login using valid credantials."]]>
              </value>
            </param>
            <param index="1">
              <value>
                <![CDATA["Login Functionality."]]>
              </value>
            </param>
          </params>
          <reporter-output>
          </reporter-output>
        </test-method> <!-- runScenario -->
        <test-method is-config="true" signature="tearDownClass()[pri:0, instance:test.testRunner@2b71e916]" started-at="2025-08-03T16:28:34 IST" name="tearDownClass" finished-at="2025-08-03T16:28:34 IST" duration-ms="26" status="PASS">
          <reporter-output>
          </reporter-output>
        </test-method> <!-- tearDownClass -->
      </class> <!-- test.testRunner -->
    </test> <!-- Test1 -->
    <test started-at="2025-08-03T16:28:24 IST" name="Test" finished-at="2025-08-03T16:28:35 IST" duration-ms="10515">
      <class name="test.testRunner">
        <test-method is-config="true" signature="setUpClass(org.testng.ITestContext)[pri:0, instance:test.testRunner@1bd4fdd]" started-at="2025-08-03T16:28:24 IST" name="setUpClass" finished-at="2025-08-03T16:28:24 IST" duration-ms="478" status="PASS">
          <params>
            <param index="0">
              <value>
                <![CDATA[org.testng.TestRunner@609cd4d8]]>
              </value>
            </param>
          </params>
          <reporter-output>
          </reporter-output>
        </test-method> <!-- setUpClass -->
        <test-method signature="runScenario(io.cucumber.testng.PickleWrapper,io.cucumber.testng.FeatureWrapper)[pri:0, instance:test.testRunner@1bd4fdd]" started-at="2025-08-03T16:28:25 IST" name="runScenario" description="Runs Cucumber Scenarios" data-provider="scenarios" finished-at="2025-08-03T16:28:34 IST" duration-ms="9985" status="PASS">
          <params>
            <param index="0">
              <value>
                <![CDATA["To Verify that user can able to login using valid credantials."]]>
              </value>
            </param>
            <param index="1">
              <value>
                <![CDATA["Login Functionality."]]>
              </value>
            </param>
          </params>
          <reporter-output>
          </reporter-output>
        </test-method> <!-- runScenario -->
        <test-method signature="runScenario(io.cucumber.testng.PickleWrapper,io.cucumber.testng.FeatureWrapper)[pri:0, instance:test.testRunner@1bd4fdd]" started-at="2025-08-03T16:28:25 IST" name="runScenario" description="Runs Cucumber Scenarios" data-provider="scenarios" finished-at="2025-08-03T16:28:34 IST" duration-ms="9751" status="PASS">
          <params>
            <param index="0">
              <value>
                <![CDATA["To Verify that the user can not be able to sign in using invalid credantials"]]>
              </value>
            </param>
            <param index="1">
              <value>
                <![CDATA["Login Functionality."]]>
              </value>
            </param>
          </params>
          <reporter-output>
          </reporter-output>
        </test-method> <!-- runScenario -->
        <test-method signature="runScenario(io.cucumber.testng.PickleWrapper,io.cucumber.testng.FeatureWrapper)[pri:0, instance:test.testRunner@1bd4fdd]" started-at="2025-08-03T16:28:25 IST" name="runScenario" description="Runs Cucumber Scenarios" data-provider="scenarios" finished-at="2025-08-03T16:28:34 IST" duration-ms="9751" status="PASS">
          <params>
            <param index="0">
              <value>
                <![CDATA["To Verify that user can able to login using valid credantials."]]>
              </value>
            </param>
            <param index="1">
              <value>
                <![CDATA["Login Functionality."]]>
              </value>
            </param>
          </params>
          <reporter-output>
          </reporter-output>
        </test-method> <!-- runScenario -->
        <test-method is-config="true" signature="tearDownClass()[pri:0, instance:test.testRunner@1bd4fdd]" started-at="2025-08-03T16:28:34 IST" name="tearDownClass" finished-at="2025-08-03T16:28:35 IST" duration-ms="12" status="PASS">
          <reporter-output>
          </reporter-output>
        </test-method> <!-- tearDownClass -->
      </class> <!-- test.testRunner -->
    </test> <!-- Test -->
  </suite> <!-- Suite -->
</testng-results>
