<?xml version="1.0" encoding="UTF-8"?>
<testng-results ignored="0" total="6" passed="6" failed="0" skipped="0">
  <reporter-output>
  </reporter-output>
  <suite started-at="2025-08-03T16:05:28 IST" name="Suite" finished-at="2025-08-03T16:05:46 IST" duration-ms="18470">
    <groups>
      <group name="cucumber">
        <method signature="AbstractTestNGCucumberTests.runScenario(io.cucumber.testng.PickleWrapper,io.cucumber.testng.FeatureWrapper)[pri:0, instance:test.testRunner@45c7e403]" name="runScenario" class="io.cucumber.testng.AbstractTestNGCucumberTests"/>
        <method signature="AbstractTestNGCucumberTests.runScenario(io.cucumber.testng.PickleWrapper,io.cucumber.testng.FeatureWrapper)[pri:0, instance:test.testRunner@e4487af]" name="runScenario" class="io.cucumber.testng.AbstractTestNGCucumberTests"/>
      </group> <!-- cucumber -->
    </groups>
    <test started-at="2025-08-03T16:05:28 IST" name="Test" finished-at="2025-08-03T16:05:46 IST" duration-ms="18470">
      <class name="test.testRunner">
        <test-method is-config="true" signature="setUpClass(org.testng.ITestContext)[pri:0, instance:test.testRunner@45c7e403]" started-at="2025-08-03T16:05:28 IST" name="setUpClass" finished-at="2025-08-03T16:05:28 IST" duration-ms="566" status="PASS">
          <params>
            <param index="0">
              <value>
                <![CDATA[org.testng.TestRunner@c333c60]]>
              </value>
            </param>
          </params>
          <reporter-output>
          </reporter-output>
        </test-method> <!-- setUpClass -->
        <test-method signature="runScenario(io.cucumber.testng.PickleWrapper,io.cucumber.testng.FeatureWrapper)[pri:0, instance:test.testRunner@45c7e403]" started-at="2025-08-03T16:05:28 IST" name="runScenario" description="Runs Cucumber Scenarios" data-provider="scenarios" finished-at="2025-08-03T16:05:46 IST" duration-ms="17846" status="PASS">
          <params>
            <param index="0">
              <value>
                <![CDATA["To Verify that user can able to login using valid credantials."]]>
              </value>
            </param>
            <param index="1">
              <value>
                <![CDATA["Login Functionality."]]>
              </value>
            </param>
          </params>
          <reporter-output>
          </reporter-output>
        </test-method> <!-- runScenario -->
        <test-method signature="runScenario(io.cucumber.testng.PickleWrapper,io.cucumber.testng.FeatureWrapper)[pri:0, instance:test.testRunner@45c7e403]" started-at="2025-08-03T16:05:28 IST" name="runScenario" description="Runs Cucumber Scenarios" data-provider="scenarios" finished-at="2025-08-03T16:05:46 IST" duration-ms="17747" status="PASS">
          <params>
            <param index="0">
              <value>
                <![CDATA["To Verify that user can able to login using valid credantials."]]>
              </value>
            </param>
            <param index="1">
              <value>
                <![CDATA["Login Functionality."]]>
              </value>
            </param>
          </params>
          <reporter-output>
          </reporter-output>
        </test-method> <!-- runScenario -->
        <test-method signature="runScenario(io.cucumber.testng.PickleWrapper,io.cucumber.testng.FeatureWrapper)[pri:0, instance:test.testRunner@45c7e403]" started-at="2025-08-03T16:05:28 IST" name="runScenario" description="Runs Cucumber Scenarios" data-provider="scenarios" finished-at="2025-08-03T16:05:46 IST" duration-ms="17790" status="PASS">
          <params>
            <param index="0">
              <value>
                <![CDATA["To Verify that the user can not be able to sign in using invalid credantials"]]>
              </value>
            </param>
            <param index="1">
              <value>
                <![CDATA["Login Functionality."]]>
              </value>
            </param>
          </params>
          <reporter-output>
          </reporter-output>
        </test-method> <!-- runScenario -->
        <test-method is-config="true" signature="tearDownClass()[pri:0, instance:test.testRunner@45c7e403]" started-at="2025-08-03T16:05:46 IST" name="tearDownClass" finished-at="2025-08-03T16:05:46 IST" duration-ms="14" status="PASS">
          <reporter-output>
          </reporter-output>
        </test-method> <!-- tearDownClass -->
      </class> <!-- test.testRunner -->
    </test> <!-- Test -->
    <test started-at="2025-08-03T16:05:28 IST" name="Test1" finished-at="2025-08-03T16:05:46 IST" duration-ms="18467">
      <class name="test.testRunner">
        <test-method is-config="true" signature="setUpClass(org.testng.ITestContext)[pri:0, instance:test.testRunner@e4487af]" started-at="2025-08-03T16:05:28 IST" name="setUpClass" finished-at="2025-08-03T16:05:28 IST" duration-ms="567" status="PASS">
          <params>
            <param index="0">
              <value>
                <![CDATA[org.testng.TestRunner@11bd0f3b]]>
              </value>
            </param>
          </params>
          <reporter-output>
          </reporter-output>
        </test-method> <!-- setUpClass -->
        <test-method signature="runScenario(io.cucumber.testng.PickleWrapper,io.cucumber.testng.FeatureWrapper)[pri:0, instance:test.testRunner@e4487af]" started-at="2025-08-03T16:05:28 IST" name="runScenario" description="Runs Cucumber Scenarios" data-provider="scenarios" finished-at="2025-08-03T16:05:46 IST" duration-ms="17825" status="PASS">
          <params>
            <param index="0">
              <value>
                <![CDATA["To Verify that the user can not be able to sign in using invalid credantials"]]>
              </value>
            </param>
            <param index="1">
              <value>
                <![CDATA["Login Functionality."]]>
              </value>
            </param>
          </params>
          <reporter-output>
          </reporter-output>
        </test-method> <!-- runScenario -->
        <test-method signature="runScenario(io.cucumber.testng.PickleWrapper,io.cucumber.testng.FeatureWrapper)[pri:0, instance:test.testRunner@e4487af]" started-at="2025-08-03T16:05:28 IST" name="runScenario" description="Runs Cucumber Scenarios" data-provider="scenarios" finished-at="2025-08-03T16:05:46 IST" duration-ms="17820" status="PASS">
          <params>
            <param index="0">
              <value>
                <![CDATA["To Verify that user can able to login using valid credantials."]]>
              </value>
            </param>
            <param index="1">
              <value>
                <![CDATA["Login Functionality."]]>
              </value>
            </param>
          </params>
          <reporter-output>
          </reporter-output>
        </test-method> <!-- runScenario -->
        <test-method signature="runScenario(io.cucumber.testng.PickleWrapper,io.cucumber.testng.FeatureWrapper)[pri:0, instance:test.testRunner@e4487af]" started-at="2025-08-03T16:05:28 IST" name="runScenario" description="Runs Cucumber Scenarios" data-provider="scenarios" finished-at="2025-08-03T16:05:46 IST" duration-ms="17829" status="PASS">
          <params>
            <param index="0">
              <value>
                <![CDATA["To Verify that user can able to login using valid credantials."]]>
              </value>
            </param>
            <param index="1">
              <value>
                <![CDATA["Login Functionality."]]>
              </value>
            </param>
          </params>
          <reporter-output>
          </reporter-output>
        </test-method> <!-- runScenario -->
        <test-method is-config="true" signature="tearDownClass()[pri:0, instance:test.testRunner@e4487af]" started-at="2025-08-03T16:05:46 IST" name="tearDownClass" finished-at="2025-08-03T16:05:46 IST" duration-ms="24" status="PASS">
          <reporter-output>
          </reporter-output>
        </test-method> <!-- tearDownClass -->
      </class> <!-- test.testRunner -->
    </test> <!-- Test1 -->
  </suite> <!-- Suite -->
</testng-results>
