<?xml version="1.0" encoding="UTF-8"?>
<testng-results ignored="0" total="3" passed="3" failed="0" skipped="0">
  <reporter-output>
  </reporter-output>
  <suite started-at="2025-08-03T17:14:46 IST" name="Default suite" finished-at="2025-08-03T17:14:59 IST" duration-ms="13065">
    <groups>
      <group name="cucumber">
        <method signature="AbstractTestNGCucumberTests.runScenario(io.cucumber.testng.PickleWrapper,io.cucumber.testng.FeatureWrapper)[pri:0, instance:test.testRunner@752325ad]" name="runScenario" class="io.cucumber.testng.AbstractTestNGCucumberTests"/>
      </group> <!-- cucumber -->
    </groups>
    <test started-at="2025-08-03T17:14:46 IST" name="Default test" finished-at="2025-08-03T17:14:59 IST" duration-ms="13065">
      <class name="test.testRunner">
        <test-method is-config="true" signature="setUpClass(org.testng.ITestContext)[pri:0, instance:test.testRunner@752325ad]" started-at="2025-08-03T17:14:46 IST" name="setUpClass" finished-at="2025-08-03T17:14:47 IST" duration-ms="816" status="PASS">
          <params>
            <param index="0">
              <value>
                <![CDATA[org.testng.TestRunner@64bc21ac]]>
              </value>
            </param>
          </params>
          <reporter-output>
          </reporter-output>
        </test-method> <!-- setUpClass -->
        <test-method signature="runScenario(io.cucumber.testng.PickleWrapper,io.cucumber.testng.FeatureWrapper)[pri:0, instance:test.testRunner@752325ad]" started-at="2025-08-03T17:14:47 IST" name="runScenario" description="Runs Cucumber Scenarios" data-provider="scenarios" finished-at="2025-08-03T17:14:59 IST" duration-ms="12142" status="PASS">
          <params>
            <param index="0">
              <value>
                <![CDATA["To Verify that user can able to login using valid credantials."]]>
              </value>
            </param>
            <param index="1">
              <value>
                <![CDATA["Login Functionality."]]>
              </value>
            </param>
          </params>
          <reporter-output>
          </reporter-output>
        </test-method> <!-- runScenario -->
        <test-method signature="runScenario(io.cucumber.testng.PickleWrapper,io.cucumber.testng.FeatureWrapper)[pri:0, instance:test.testRunner@752325ad]" started-at="2025-08-03T17:14:47 IST" name="runScenario" description="Runs Cucumber Scenarios" data-provider="scenarios" finished-at="2025-08-03T17:14:59 IST" duration-ms="12080" status="PASS">
          <params>
            <param index="0">
              <value>
                <![CDATA["To Verify that user can able to login using valid credantials."]]>
              </value>
            </param>
            <param index="1">
              <value>
                <![CDATA["Login Functionality."]]>
              </value>
            </param>
          </params>
          <reporter-output>
          </reporter-output>
        </test-method> <!-- runScenario -->
        <test-method signature="runScenario(io.cucumber.testng.PickleWrapper,io.cucumber.testng.FeatureWrapper)[pri:0, instance:test.testRunner@752325ad]" started-at="2025-08-03T17:14:47 IST" name="runScenario" description="Runs Cucumber Scenarios" data-provider="scenarios" finished-at="2025-08-03T17:14:59 IST" duration-ms="12029" status="PASS">
          <params>
            <param index="0">
              <value>
                <![CDATA["To Verify that the user can not be able to sign in using invalid credantials"]]>
              </value>
            </param>
            <param index="1">
              <value>
                <![CDATA["Login Functionality."]]>
              </value>
            </param>
          </params>
          <reporter-output>
          </reporter-output>
        </test-method> <!-- runScenario -->
        <test-method is-config="true" signature="tearDownClass()[pri:0, instance:test.testRunner@752325ad]" started-at="2025-08-03T17:14:59 IST" name="tearDownClass" finished-at="2025-08-03T17:14:59 IST" duration-ms="27" status="PASS">
          <reporter-output>
          </reporter-output>
        </test-method> <!-- tearDownClass -->
      </class> <!-- test.testRunner -->
    </test> <!-- Default test -->
  </suite> <!-- Default suite -->
</testng-results>
